# JRE version: Java(TM) SE Runtime Environment (10.0.1+10) (build 10.0.1+10)
# Java VM: Java HotSpot(TM) 64-Bit Server VM (10.0.1+10, mixed mode, tiered, compressed oops, g1 gc, windows-amd64)
Heap:
 garbage-first heap   total 196608K, used 86084K [0x0000000701e00000, 0x00000007c0000000)
  region size 1024K, 37 young (37888K), 1 survivors (1024K)
 Metaspace       used 21794K, capacity 22056K, committed 23040K, reserved 1069056K
  class space    used 2110K, capacity 2254K, committed 2560K, reserved 1048576K
GC Heap History (10 events):
Event: 20418.085 GC heap before
{Heap before GC invocations=2338 (full 0):
 garbage-first heap   total 196608K, used 166933K [0x0000000701e00000, 0x00000007c0000000)
  region size 1024K, 115 young (117760K), 1 survivors (1024K)
 Metaspace       used 21794K, capacity 22056K, committed 23040K, reserved 1069056K
  class space    used 2110K, capacity 2254K, committed 2560K, reserved 1048576K
}
Event: 20418.086 GC heap after
{Heap after GC invocations=2339 (full 0):
 garbage-first heap   total 196608K, used 43027K [0x0000000701e00000, 0x00000007c0000000)
  region size 1024K, 1 young (1024K), 1 survivors (1024K)
 Metaspace       used 21794K, capacity 22056K, committed 23040K, reserved 1069056K
  class space    used 2110K, capacity 2254K, committed 2560K, reserved 1048576K
}
Event: 20429.653 GC heap before
{Heap before GC invocations=2339 (full 0):
 garbage-first heap   total 196608K, used 166931K [0x0000000701e00000, 0x00000007c0000000)
  region size 1024K, 115 young (117760K), 1 survivors (1024K)
 Metaspace       used 21794K, capacity 22056K, committed 23040K, reserved 1069056K
  class space    used 2110K, capacity 2254K, committed 2560K, reserved 1048576K
}
Event: 20429.654 GC heap after
{Heap after GC invocations=2340 (full 0):
 garbage-first heap   total 196608K, used 42975K [0x0000000701e00000, 0x00000007c0000000)
  region size 1024K, 1 young (1024K), 1 survivors (1024K)
 Metaspace       used 21794K, capacity 22056K, committed 23040K, reserved 1069056K
  class space    used 2110K, capacity 2254K, committed 2560K, reserved 1048576K
}
Event: 20441.299 GC heap before
{Heap before GC invocations=2340 (full 0):
 garbage-first heap   total 196608K, used 166879K [0x0000000701e00000, 0x00000007c0000000)
  region size 1024K, 115 young (117760K), 1 survivors (1024K)
 Metaspace       used 21794K, capacity 22056K, committed 23040K, reserved 1069056K
  class space    used 2110K, capacity 2254K, committed 2560K, reserved 1048576K
}
Event: 20441.300 GC heap after
{Heap after GC invocations=2341 (full 0):
 garbage-first heap   total 196608K, used 42976K [0x0000000701e00000, 0x00000007c0000000)
  region size 1024K, 1 young (1024K), 1 survivors (1024K)
 Metaspace       used 21794K, capacity 22056K, committed 23040K, reserved 1069056K
  class space    used 2110K, capacity 2254K, committed 2560K, reserved 1048576K
}
Event: 20452.840 GC heap before
{Heap before GC invocations=2341 (full 0):
 garbage-first heap   total 196608K, used 166880K [0x0000000701e00000, 0x00000007c0000000)
  region size 1024K, 115 young (117760K), 1 survivors (1024K)
 Metaspace       used 21794K, capacity 22056K, committed 23040K, reserved 1069056K
  class space    used 2110K, capacity 2254K, committed 2560K, reserved 1048576K
}
Event: 20452.840 GC heap after
{Heap after GC invocations=2342 (full 0):
 garbage-first heap   total 196608K, used 42976K [0x0000000701e00000, 0x00000007c0000000)
  region size 1024K, 1 young (1024K), 1 survivors (1024K)
 Metaspace       used 21794K, capacity 22056K, committed 23040K, reserved 1069056K
  class space    used 2110K, capacity 2254K, committed 2560K, reserved 1048576K
}
Event: 20464.417 GC heap before
{Heap before GC invocations=2342 (full 0):
 garbage-first heap   total 196608K, used 173024K [0x0000000701e00000, 0x00000007c0000000)
  region size 1024K, 115 young (117760K), 1 survivors (1024K)
 Metaspace       used 21794K, capacity 22056K, committed 23040K, reserved 1069056K
  class space    used 2110K, capacity 2254K, committed 2560K, reserved 1048576K
}
Event: 20464.417 GC heap after
{Heap after GC invocations=2343 (full 0):
 garbage-first heap   total 196608K, used 49220K [0x0000000701e00000, 0x00000007c0000000)
  region size 1024K, 1 young (1024K), 1 survivors (1024K)
 Metaspace       used 21794K, capacity 22056K, committed 23040K, reserved 1069056K
  class space    used 2110K, capacity 2254K, committed 2560K, reserved 1048576K
}

